{"/Users/stanlykwok/Documents/Hacktiv8/Phase 3/User/user/app.js": {"path":"/Users/stanlykwok/Documents/Hacktiv8/Phase 3/User/user/app.js","statementMap":{"0":{"start":{"line":1,"column":12},"end":{"line":1,"column":32}},"1":{"start":{"line":2,"column":0},"end":{"line":4,"column":1}},"2":{"start":{"line":3,"column":2},"end":{"line":3,"column":29}},"3":{"start":{"line":5,"column":16},"end":{"line":5,"column":34}},"4":{"start":{"line":6,"column":20},"end":{"line":6,"column":47}},"5":{"start":{"line":7,"column":12},"end":{"line":7,"column":21}},"6":{"start":{"line":8,"column":13},"end":{"line":8,"column":37}},"7":{"start":{"line":9,"column":15},"end":{"line":9,"column":40}},"8":{"start":{"line":10,"column":21},"end":{"line":10,"column":58}},"9":{"start":{"line":11,"column":13},"end":{"line":11,"column":28}},"10":{"start":{"line":13,"column":0},"end":{"line":13,"column":16}},"11":{"start":{"line":14,"column":0},"end":{"line":14,"column":48}},"12":{"start":{"line":15,"column":0},"end":{"line":15,"column":24}},"13":{"start":{"line":17,"column":0},"end":{"line":27,"column":4}},"14":{"start":{"line":19,"column":2},"end":{"line":19,"column":49}},"15":{"start":{"line":21,"column":4},"end":{"line":21,"column":20}},"16":{"start":{"line":22,"column":4},"end":{"line":22,"column":26}},"17":{"start":{"line":24,"column":4},"end":{"line":26,"column":6}},"18":{"start":{"line":25,"column":6},"end":{"line":25,"column":51}},"19":{"start":{"line":29,"column":0},"end":{"line":29,"column":21}}},"fnMap":{"0":{"name":"(anonymous_0)","decl":{"start":{"line":18,"column":6},"end":{"line":18,"column":7}},"loc":{"start":{"line":18,"column":20},"end":{"line":27,"column":3}},"line":18},"1":{"name":"(anonymous_1)","decl":{"start":{"line":24,"column":21},"end":{"line":24,"column":22}},"loc":{"start":{"line":24,"column":27},"end":{"line":26,"column":5}},"line":24}},"branchMap":{"0":{"loc":{"start":{"line":2,"column":0},"end":{"line":4,"column":1}},"type":"if","locations":[{"start":{"line":2,"column":0},"end":{"line":4,"column":1}},{"start":{"line":2,"column":0},"end":{"line":4,"column":1}}],"line":2},"1":{"loc":{"start":{"line":8,"column":13},"end":{"line":8,"column":37}},"type":"binary-expr","locations":[{"start":{"line":8,"column":13},"end":{"line":8,"column":29}},{"start":{"line":8,"column":33},"end":{"line":8,"column":37}}],"line":8}},"s":{"0":1,"1":1,"2":1,"3":1,"4":1,"5":1,"6":1,"7":1,"8":1,"9":1,"10":1,"11":1,"12":1,"13":1,"14":1,"15":1,"16":1,"17":1,"18":1,"19":1},"f":{"0":1,"1":1},"b":{"0":[1,0],"1":[1,1]},"_coverageSchema":"1a1c01bbd47fc00a2c39e90264f33305004495a9","hash":"2d35b20ba392fbe14cd223a39bb8e61e7973add3"}
,"/Users/stanlykwok/Documents/Hacktiv8/Phase 3/User/user/config/mongodb.js": {"path":"/Users/stanlykwok/Documents/Hacktiv8/Phase 3/User/user/config/mongodb.js","statementMap":{"0":{"start":{"line":1,"column":24},"end":{"line":1,"column":42}},"1":{"start":{"line":3,"column":15},"end":{"line":3,"column":19}},"2":{"start":{"line":6,"column":2},"end":{"line":16,"column":3}},"3":{"start":{"line":7,"column":16},"end":{"line":7,"column":70}},"4":{"start":{"line":8,"column":19},"end":{"line":8,"column":69}},"5":{"start":{"line":9,"column":4},"end":{"line":9,"column":27}},"6":{"start":{"line":11,"column":15},"end":{"line":11,"column":41}},"7":{"start":{"line":12,"column":4},"end":{"line":12,"column":18}},"8":{"start":{"line":13,"column":4},"end":{"line":13,"column":14}},"9":{"start":{"line":15,"column":4},"end":{"line":15,"column":21}},"10":{"start":{"line":19,"column":0},"end":{"line":24,"column":1}},"11":{"start":{"line":22,"column":4},"end":{"line":22,"column":19}}},"fnMap":{"0":{"name":"connect","decl":{"start":{"line":5,"column":15},"end":{"line":5,"column":22}},"loc":{"start":{"line":5,"column":25},"end":{"line":17,"column":1}},"line":5},"1":{"name":"(anonymous_1)","decl":{"start":{"line":21,"column":2},"end":{"line":21,"column":3}},"loc":{"start":{"line":21,"column":16},"end":{"line":23,"column":3}},"line":21}},"branchMap":{"0":{"loc":{"start":{"line":7,"column":16},"end":{"line":7,"column":70}},"type":"binary-expr","locations":[{"start":{"line":7,"column":16},"end":{"line":7,"column":39}},{"start":{"line":7,"column":43},"end":{"line":7,"column":70}}],"line":7}},"s":{"0":1,"1":1,"2":2,"3":2,"4":2,"5":2,"6":2,"7":2,"8":2,"9":0,"10":1,"11":11},"f":{"0":2,"1":11},"b":{"0":[2,2]},"_coverageSchema":"1a1c01bbd47fc00a2c39e90264f33305004495a9","hash":"fb6169b739350129868cd249f23900939ade61c9"}
,"/Users/stanlykwok/Documents/Hacktiv8/Phase 3/User/user/controllers/UserController.js": {"path":"/Users/stanlykwok/Documents/Hacktiv8/Phase 3/User/user/controllers/UserController.js","statementMap":{"0":{"start":{"line":1,"column":13},"end":{"line":1,"column":38}},"1":{"start":{"line":2,"column":42},"end":{"line":2,"column":70}},"2":{"start":{"line":3,"column":26},"end":{"line":3,"column":51}},"3":{"start":{"line":4,"column":22},"end":{"line":4,"column":62}},"4":{"start":{"line":8,"column":40},"end":{"line":8,"column":48}},"5":{"start":{"line":9,"column":4},"end":{"line":33,"column":5}},"6":{"start":{"line":10,"column":6},"end":{"line":10,"column":47}},"7":{"start":{"line":11,"column":25},"end":{"line":11,"column":54}},"8":{"start":{"line":12,"column":28},"end":{"line":12,"column":63}},"9":{"start":{"line":13,"column":6},"end":{"line":17,"column":7}},"10":{"start":{"line":13,"column":22},"end":{"line":17,"column":7}},"11":{"start":{"line":18,"column":6},"end":{"line":22,"column":7}},"12":{"start":{"line":18,"column":25},"end":{"line":22,"column":7}},"13":{"start":{"line":23,"column":6},"end":{"line":23,"column":40}},"14":{"start":{"line":24,"column":22},"end":{"line":24,"column":72}},"15":{"start":{"line":25,"column":19},"end":{"line":25,"column":33}},"16":{"start":{"line":26,"column":6},"end":{"line":30,"column":8}},"17":{"start":{"line":32,"column":6},"end":{"line":32,"column":16}},"18":{"start":{"line":37,"column":32},"end":{"line":37,"column":40}},"19":{"start":{"line":38,"column":4},"end":{"line":65,"column":5}},"20":{"start":{"line":39,"column":6},"end":{"line":39,"column":48}},"21":{"start":{"line":40,"column":19},"end":{"line":40,"column":48}},"22":{"start":{"line":41,"column":6},"end":{"line":45,"column":7}},"23":{"start":{"line":41,"column":17},"end":{"line":45,"column":7}},"24":{"start":{"line":46,"column":31},"end":{"line":46,"column":71}},"25":{"start":{"line":47,"column":6},"end":{"line":51,"column":9}},"26":{"start":{"line":47,"column":29},"end":{"line":51,"column":9}},"27":{"start":{"line":53,"column":27},"end":{"line":57,"column":8}},"28":{"start":{"line":58,"column":6},"end":{"line":62,"column":8}},"29":{"start":{"line":64,"column":6},"end":{"line":64,"column":16}},"30":{"start":{"line":69,"column":0},"end":{"line":69,"column":32}}},"fnMap":{"0":{"name":"(anonymous_0)","decl":{"start":{"line":7,"column":2},"end":{"line":7,"column":3}},"loc":{"start":{"line":7,"column":40},"end":{"line":34,"column":3}},"line":7},"1":{"name":"(anonymous_1)","decl":{"start":{"line":36,"column":2},"end":{"line":36,"column":3}},"loc":{"start":{"line":36,"column":37},"end":{"line":66,"column":3}},"line":36}},"branchMap":{"0":{"loc":{"start":{"line":13,"column":6},"end":{"line":17,"column":7}},"type":"if","locations":[{"start":{"line":13,"column":6},"end":{"line":17,"column":7}},{"start":{"line":13,"column":6},"end":{"line":17,"column":7}}],"line":13},"1":{"loc":{"start":{"line":18,"column":6},"end":{"line":22,"column":7}},"type":"if","locations":[{"start":{"line":18,"column":6},"end":{"line":22,"column":7}},{"start":{"line":18,"column":6},"end":{"line":22,"column":7}}],"line":18},"2":{"loc":{"start":{"line":41,"column":6},"end":{"line":45,"column":7}},"type":"if","locations":[{"start":{"line":41,"column":6},"end":{"line":45,"column":7}},{"start":{"line":41,"column":6},"end":{"line":45,"column":7}}],"line":41},"3":{"loc":{"start":{"line":47,"column":6},"end":{"line":51,"column":9}},"type":"if","locations":[{"start":{"line":47,"column":6},"end":{"line":51,"column":9}},{"start":{"line":47,"column":6},"end":{"line":51,"column":9}}],"line":47}},"s":{"0":1,"1":1,"2":1,"3":1,"4":8,"5":8,"6":8,"7":2,"8":2,"9":2,"10":1,"11":1,"12":0,"13":1,"14":1,"15":1,"16":1,"17":7,"18":9,"19":9,"20":9,"21":3,"22":3,"23":1,"24":2,"25":2,"26":1,"27":1,"28":1,"29":8,"30":1},"f":{"0":8,"1":9},"b":{"0":[1,1],"1":[0,1],"2":[1,2],"3":[1,1]},"_coverageSchema":"1a1c01bbd47fc00a2c39e90264f33305004495a9","hash":"e1691de8d42b306974ca1430580fb0b9e0aa7552"}
,"/Users/stanlykwok/Documents/Hacktiv8/Phase 3/User/user/helpers/bcrypt.js": {"path":"/Users/stanlykwok/Documents/Hacktiv8/Phase 3/User/user/helpers/bcrypt.js","statementMap":{"0":{"start":{"line":1,"column":15},"end":{"line":1,"column":34}},"1":{"start":{"line":4,"column":13},"end":{"line":4,"column":35}},"2":{"start":{"line":5,"column":2},"end":{"line":5,"column":41}},"3":{"start":{"line":9,"column":2},"end":{"line":9,"column":54}},"4":{"start":{"line":12,"column":0},"end":{"line":15,"column":1}}},"fnMap":{"0":{"name":"hashPassword","decl":{"start":{"line":3,"column":9},"end":{"line":3,"column":21}},"loc":{"start":{"line":3,"column":32},"end":{"line":6,"column":1}},"line":3},"1":{"name":"comparePassword","decl":{"start":{"line":8,"column":9},"end":{"line":8,"column":24}},"loc":{"start":{"line":8,"column":51},"end":{"line":10,"column":1}},"line":8}},"branchMap":{},"s":{"0":1,"1":2,"2":2,"3":2,"4":1},"f":{"0":2,"1":2},"b":{},"_coverageSchema":"1a1c01bbd47fc00a2c39e90264f33305004495a9","hash":"6642b2a5092de6f3a14bcaf009c32c2e9a62ece9"}
,"/Users/stanlykwok/Documents/Hacktiv8/Phase 3/User/user/helpers/jwt.js": {"path":"/Users/stanlykwok/Documents/Hacktiv8/Phase 3/User/user/helpers/jwt.js","statementMap":{"0":{"start":{"line":1,"column":12},"end":{"line":1,"column":35}},"1":{"start":{"line":3,"column":0},"end":{"line":5,"column":1}},"2":{"start":{"line":4,"column":2},"end":{"line":4,"column":29}},"3":{"start":{"line":8,"column":2},"end":{"line":8,"column":47}},"4":{"start":{"line":12,"column":2},"end":{"line":12,"column":47}},"5":{"start":{"line":15,"column":0},"end":{"line":18,"column":1}}},"fnMap":{"0":{"name":"generateToken","decl":{"start":{"line":7,"column":9},"end":{"line":7,"column":22}},"loc":{"start":{"line":7,"column":32},"end":{"line":9,"column":1}},"line":7},"1":{"name":"verifyToken","decl":{"start":{"line":11,"column":9},"end":{"line":11,"column":20}},"loc":{"start":{"line":11,"column":28},"end":{"line":13,"column":1}},"line":11}},"branchMap":{"0":{"loc":{"start":{"line":3,"column":0},"end":{"line":5,"column":1}},"type":"if","locations":[{"start":{"line":3,"column":0},"end":{"line":5,"column":1}},{"start":{"line":3,"column":0},"end":{"line":5,"column":1}}],"line":3}},"s":{"0":1,"1":1,"2":1,"3":1,"4":0,"5":1},"f":{"0":1,"1":0},"b":{"0":[1,0]},"_coverageSchema":"1a1c01bbd47fc00a2c39e90264f33305004495a9","hash":"1ecefbe10183f84ae20093e25eaf2a89a35c1e9b"}
,"/Users/stanlykwok/Documents/Hacktiv8/Phase 3/User/user/helpers/registerValidation.js": {"path":"/Users/stanlykwok/Documents/Hacktiv8/Phase 3/User/user/helpers/registerValidation.js","statementMap":{"0":{"start":{"line":2,"column":13},"end":{"line":2,"column":164}},"1":{"start":{"line":3,"column":2},"end":{"line":3,"column":46}},"2":{"start":{"line":7,"column":2},"end":{"line":55,"column":3}},"3":{"start":{"line":8,"column":4},"end":{"line":12,"column":5}},"4":{"start":{"line":13,"column":9},"end":{"line":55,"column":3}},"5":{"start":{"line":14,"column":4},"end":{"line":18,"column":5}},"6":{"start":{"line":19,"column":9},"end":{"line":55,"column":3}},"7":{"start":{"line":20,"column":4},"end":{"line":24,"column":5}},"8":{"start":{"line":25,"column":9},"end":{"line":55,"column":3}},"9":{"start":{"line":26,"column":4},"end":{"line":30,"column":5}},"10":{"start":{"line":31,"column":9},"end":{"line":55,"column":3}},"11":{"start":{"line":32,"column":4},"end":{"line":36,"column":5}},"12":{"start":{"line":37,"column":9},"end":{"line":55,"column":3}},"13":{"start":{"line":38,"column":4},"end":{"line":42,"column":5}},"14":{"start":{"line":43,"column":9},"end":{"line":55,"column":3}},"15":{"start":{"line":44,"column":4},"end":{"line":48,"column":5}},"16":{"start":{"line":49,"column":9},"end":{"line":55,"column":3}},"17":{"start":{"line":50,"column":4},"end":{"line":54,"column":5}},"18":{"start":{"line":58,"column":0},"end":{"line":58,"column":31}}},"fnMap":{"0":{"name":"validateEmail","decl":{"start":{"line":1,"column":9},"end":{"line":1,"column":22}},"loc":{"start":{"line":1,"column":30},"end":{"line":4,"column":1}},"line":1},"1":{"name":"validateInput","decl":{"start":{"line":6,"column":9},"end":{"line":6,"column":22}},"loc":{"start":{"line":6,"column":50},"end":{"line":56,"column":1}},"line":6}},"branchMap":{"0":{"loc":{"start":{"line":7,"column":2},"end":{"line":55,"column":3}},"type":"if","locations":[{"start":{"line":7,"column":2},"end":{"line":55,"column":3}},{"start":{"line":7,"column":2},"end":{"line":55,"column":3}}],"line":7},"1":{"loc":{"start":{"line":13,"column":9},"end":{"line":55,"column":3}},"type":"if","locations":[{"start":{"line":13,"column":9},"end":{"line":55,"column":3}},{"start":{"line":13,"column":9},"end":{"line":55,"column":3}}],"line":13},"2":{"loc":{"start":{"line":19,"column":9},"end":{"line":55,"column":3}},"type":"if","locations":[{"start":{"line":19,"column":9},"end":{"line":55,"column":3}},{"start":{"line":19,"column":9},"end":{"line":55,"column":3}}],"line":19},"3":{"loc":{"start":{"line":25,"column":9},"end":{"line":55,"column":3}},"type":"if","locations":[{"start":{"line":25,"column":9},"end":{"line":55,"column":3}},{"start":{"line":25,"column":9},"end":{"line":55,"column":3}}],"line":25},"4":{"loc":{"start":{"line":31,"column":9},"end":{"line":55,"column":3}},"type":"if","locations":[{"start":{"line":31,"column":9},"end":{"line":55,"column":3}},{"start":{"line":31,"column":9},"end":{"line":55,"column":3}}],"line":31},"5":{"loc":{"start":{"line":37,"column":9},"end":{"line":55,"column":3}},"type":"if","locations":[{"start":{"line":37,"column":9},"end":{"line":55,"column":3}},{"start":{"line":37,"column":9},"end":{"line":55,"column":3}}],"line":37},"6":{"loc":{"start":{"line":43,"column":9},"end":{"line":55,"column":3}},"type":"if","locations":[{"start":{"line":43,"column":9},"end":{"line":55,"column":3}},{"start":{"line":43,"column":9},"end":{"line":55,"column":3}}],"line":43},"7":{"loc":{"start":{"line":49,"column":9},"end":{"line":55,"column":3}},"type":"if","locations":[{"start":{"line":49,"column":9},"end":{"line":55,"column":3}},{"start":{"line":49,"column":9},"end":{"line":55,"column":3}}],"line":49}},"s":{"0":11,"1":11,"2":17,"3":2,"4":15,"5":2,"6":13,"7":2,"8":11,"9":2,"10":9,"11":2,"12":7,"13":2,"14":5,"15":0,"16":5,"17":0,"18":1},"f":{"0":11,"1":17},"b":{"0":[2,15],"1":[2,13],"2":[2,11],"3":[2,9],"4":[2,7],"5":[2,5],"6":[0,5],"7":[0,5]},"_coverageSchema":"1a1c01bbd47fc00a2c39e90264f33305004495a9","hash":"00c10ca267d6c13fb21a6bbf8a7851107207d114"}
,"/Users/stanlykwok/Documents/Hacktiv8/Phase 3/User/user/middlewares/errorHandler.js": {"path":"/Users/stanlykwok/Documents/Hacktiv8/Phase 3/User/user/middlewares/errorHandler.js","statementMap":{"0":{"start":{"line":1,"column":0},"end":{"line":7,"column":1}},"1":{"start":{"line":2,"column":2},"end":{"line":6,"column":3}},"2":{"start":{"line":3,"column":4},"end":{"line":3,"column":52}},"3":{"start":{"line":5,"column":4},"end":{"line":5,"column":41}}},"fnMap":{"0":{"name":"(anonymous_0)","decl":{"start":{"line":1,"column":17},"end":{"line":1,"column":18}},"loc":{"start":{"line":1,"column":42},"end":{"line":7,"column":1}},"line":1}},"branchMap":{"0":{"loc":{"start":{"line":2,"column":2},"end":{"line":6,"column":3}},"type":"if","locations":[{"start":{"line":2,"column":2},"end":{"line":6,"column":3}},{"start":{"line":2,"column":2},"end":{"line":6,"column":3}}],"line":2}},"s":{"0":1,"1":15,"2":15,"3":0},"f":{"0":15},"b":{"0":[15,0]},"_coverageSchema":"1a1c01bbd47fc00a2c39e90264f33305004495a9","hash":"582d092ce2a02dc34115d04dbf73db89cc1bec5c"}
,"/Users/stanlykwok/Documents/Hacktiv8/Phase 3/User/user/models/User.js": {"path":"/Users/stanlykwok/Documents/Hacktiv8/Phase 3/User/user/models/User.js","statementMap":{"0":{"start":{"line":1,"column":24},"end":{"line":1,"column":52}},"1":{"start":{"line":5,"column":4},"end":{"line":5,"column":61}},"2":{"start":{"line":9,"column":4},"end":{"line":9,"column":63}},"3":{"start":{"line":13,"column":4},"end":{"line":13,"column":66}},"4":{"start":{"line":17,"column":4},"end":{"line":17,"column":60}},"5":{"start":{"line":21,"column":0},"end":{"line":21,"column":22}}},"fnMap":{"0":{"name":"(anonymous_0)","decl":{"start":{"line":4,"column":2},"end":{"line":4,"column":3}},"loc":{"start":{"line":4,"column":24},"end":{"line":6,"column":3}},"line":4},"1":{"name":"(anonymous_1)","decl":{"start":{"line":8,"column":2},"end":{"line":8,"column":3}},"loc":{"start":{"line":8,"column":28},"end":{"line":10,"column":3}},"line":8},"2":{"name":"(anonymous_2)","decl":{"start":{"line":12,"column":2},"end":{"line":12,"column":3}},"loc":{"start":{"line":12,"column":34},"end":{"line":14,"column":3}},"line":12},"3":{"name":"(anonymous_3)","decl":{"start":{"line":16,"column":2},"end":{"line":16,"column":3}},"loc":{"start":{"line":16,"column":24},"end":{"line":18,"column":3}},"line":16}},"branchMap":{},"s":{"0":1,"1":2,"2":5,"3":2,"4":2,"5":1},"f":{"0":2,"1":5,"2":2,"3":2},"b":{},"_coverageSchema":"1a1c01bbd47fc00a2c39e90264f33305004495a9","hash":"c0d6c3e9824224d74f177b7d29f40bbd620867d4"}
,"/Users/stanlykwok/Documents/Hacktiv8/Phase 3/User/user/routes/index.js": {"path":"/Users/stanlykwok/Documents/Hacktiv8/Phase 3/User/user/routes/index.js","statementMap":{"0":{"start":{"line":1,"column":16},"end":{"line":1,"column":34}},"1":{"start":{"line":2,"column":15},"end":{"line":2,"column":31}},"2":{"start":{"line":4,"column":19},"end":{"line":4,"column":36}},"3":{"start":{"line":6,"column":0},"end":{"line":6,"column":33}},"4":{"start":{"line":8,"column":0},"end":{"line":8,"column":24}}},"fnMap":{},"branchMap":{},"s":{"0":1,"1":1,"2":1,"3":1,"4":1},"f":{},"b":{},"_coverageSchema":"1a1c01bbd47fc00a2c39e90264f33305004495a9","hash":"ef5765c3bf01713468585f8e94f1dfb8916b6e77"}
,"/Users/stanlykwok/Documents/Hacktiv8/Phase 3/User/user/routes/user.js": {"path":"/Users/stanlykwok/Documents/Hacktiv8/Phase 3/User/user/routes/user.js","statementMap":{"0":{"start":{"line":1,"column":16},"end":{"line":1,"column":34}},"1":{"start":{"line":3,"column":15},"end":{"line":3,"column":31}},"2":{"start":{"line":5,"column":23},"end":{"line":5,"column":63}},"3":{"start":{"line":7,"column":0},"end":{"line":7,"column":50}},"4":{"start":{"line":8,"column":0},"end":{"line":8,"column":44}},"5":{"start":{"line":10,"column":0},"end":{"line":10,"column":24}}},"fnMap":{},"branchMap":{},"s":{"0":1,"1":1,"2":1,"3":1,"4":1,"5":1},"f":{},"b":{},"_coverageSchema":"1a1c01bbd47fc00a2c39e90264f33305004495a9","hash":"15287b3bc200d3b1e6fba1dec873dbb58b8438d1"}
}
