TN:
SF:app.js
FN:18,(anonymous_0)
FN:24,(anonymous_1)
FNF:2
FNH:2
FNDA:1,(anonymous_0)
FNDA:1,(anonymous_1)
DA:1,1
DA:2,1
DA:3,1
DA:5,1
DA:6,1
DA:7,1
DA:8,1
DA:9,1
DA:10,1
DA:11,1
DA:13,1
DA:14,1
DA:15,1
DA:17,1
DA:19,1
DA:21,1
DA:22,1
DA:24,1
DA:25,1
DA:29,1
LF:20
LH:20
BRDA:2,0,0,1
BRDA:2,0,1,0
BRDA:8,1,0,1
BRDA:8,1,1,1
BRF:4
BRH:3
end_of_record
TN:
SF:config/mongodb.js
FN:5,connect
FN:21,(anonymous_1)
FNF:2
FNH:2
FNDA:2,connect
FNDA:11,(anonymous_1)
DA:1,1
DA:3,1
DA:6,2
DA:7,2
DA:8,2
DA:9,2
DA:11,2
DA:12,2
DA:13,2
DA:15,0
DA:19,1
DA:22,11
LF:12
LH:11
BRDA:7,0,0,2
BRDA:7,0,1,2
BRF:2
BRH:2
end_of_record
TN:
SF:controllers/UserController.js
FN:7,(anonymous_0)
FN:36,(anonymous_1)
FNF:2
FNH:2
FNDA:8,(anonymous_0)
FNDA:9,(anonymous_1)
DA:1,1
DA:2,1
DA:3,1
DA:4,1
DA:8,8
DA:9,8
DA:10,8
DA:11,2
DA:12,2
DA:13,2
DA:18,1
DA:23,1
DA:24,1
DA:25,1
DA:26,1
DA:32,7
DA:37,9
DA:38,9
DA:39,9
DA:40,3
DA:41,3
DA:46,2
DA:47,2
DA:53,1
DA:58,1
DA:64,8
DA:69,1
LF:27
LH:27
BRDA:13,0,0,1
BRDA:13,0,1,1
BRDA:18,1,0,0
BRDA:18,1,1,1
BRDA:41,2,0,1
BRDA:41,2,1,2
BRDA:47,3,0,1
BRDA:47,3,1,1
BRF:8
BRH:7
end_of_record
TN:
SF:helpers/bcrypt.js
FN:3,hashPassword
FN:8,comparePassword
FNF:2
FNH:2
FNDA:2,hashPassword
FNDA:2,comparePassword
DA:1,1
DA:4,2
DA:5,2
DA:9,2
DA:12,1
LF:5
LH:5
BRF:0
BRH:0
end_of_record
TN:
SF:helpers/jwt.js
FN:7,generateToken
FN:11,verifyToken
FNF:2
FNH:1
FNDA:1,generateToken
FNDA:0,verifyToken
DA:1,1
DA:3,1
DA:4,1
DA:8,1
DA:12,0
DA:15,1
LF:6
LH:5
BRDA:3,0,0,1
BRDA:3,0,1,0
BRF:2
BRH:1
end_of_record
TN:
SF:helpers/registerValidation.js
FN:1,validateEmail
FN:6,validateInput
FNF:2
FNH:2
FNDA:11,validateEmail
FNDA:17,validateInput
DA:2,11
DA:3,11
DA:7,17
DA:8,2
DA:13,15
DA:14,2
DA:19,13
DA:20,2
DA:25,11
DA:26,2
DA:31,9
DA:32,2
DA:37,7
DA:38,2
DA:43,5
DA:44,0
DA:49,5
DA:50,0
DA:58,1
LF:19
LH:17
BRDA:7,0,0,2
BRDA:7,0,1,15
BRDA:13,1,0,2
BRDA:13,1,1,13
BRDA:19,2,0,2
BRDA:19,2,1,11
BRDA:25,3,0,2
BRDA:25,3,1,9
BRDA:31,4,0,2
BRDA:31,4,1,7
BRDA:37,5,0,2
BRDA:37,5,1,5
BRDA:43,6,0,0
BRDA:43,6,1,5
BRDA:49,7,0,0
BRDA:49,7,1,5
BRF:16
BRH:14
end_of_record
TN:
SF:middlewares/errorHandler.js
FN:1,(anonymous_0)
FNF:1
FNH:1
FNDA:15,(anonymous_0)
DA:1,1
DA:2,15
DA:3,15
DA:5,0
LF:4
LH:3
BRDA:2,0,0,15
BRDA:2,0,1,0
BRF:2
BRH:1
end_of_record
TN:
SF:models/User.js
FN:4,(anonymous_0)
FN:8,(anonymous_1)
FN:12,(anonymous_2)
FN:16,(anonymous_3)
FNF:4
FNH:4
FNDA:2,(anonymous_0)
FNDA:5,(anonymous_1)
FNDA:2,(anonymous_2)
FNDA:2,(anonymous_3)
DA:1,1
DA:5,2
DA:9,5
DA:13,2
DA:17,2
DA:21,1
LF:6
LH:6
BRF:0
BRH:0
end_of_record
TN:
SF:routes/index.js
FNF:0
FNH:0
DA:1,1
DA:2,1
DA:4,1
DA:6,1
DA:8,1
LF:5
LH:5
BRF:0
BRH:0
end_of_record
TN:
SF:routes/user.js
FNF:0
FNH:0
DA:1,1
DA:3,1
DA:5,1
DA:7,1
DA:8,1
DA:10,1
LF:6
LH:6
BRF:0
BRH:0
end_of_record
